/home/admin/imdying/.venv/lib/python3.10/site-packages/setuptools/_distutils/dist.py:289: UserWarning: Unknown distribution option: 'tests_require'
  warnings.warn(msg)
running egg_info
writing build/robot_control/robot_control.egg-info/PKG-INFO
writing dependency_links to build/robot_control/robot_control.egg-info/dependency_links.txt
writing entry points to build/robot_control/robot_control.egg-info/entry_points.txt
writing requirements to build/robot_control/robot_control.egg-info/requires.txt
writing top-level names to build/robot_control/robot_control.egg-info/top_level.txt
reading manifest file 'build/robot_control/robot_control.egg-info/SOURCES.txt'
writing manifest file 'build/robot_control/robot_control.egg-info/SOURCES.txt'
running build
running build_py
copying robot_control/collection.py -> /home/admin/imdying/src/robot_control/build/robot_control/build/lib/robot_control
copying robot_control/gui.py -> /home/admin/imdying/src/robot_control/build/robot_control/build/lib/robot_control
copying robot_control/cameras.py -> /home/admin/imdying/src/robot_control/build/robot_control/build/lib/robot_control
copying robot_control/test.py -> /home/admin/imdying/src/robot_control/build/robot_control/build/lib/robot_control
copying robot_control/inference.py -> /home/admin/imdying/src/robot_control/build/robot_control/build/lib/robot_control
copying robot_control/master_controller.py -> /home/admin/imdying/src/robot_control/build/robot_control/build/lib/robot_control
copying robot_control/correction.py -> /home/admin/imdying/src/robot_control/build/robot_control/build/lib/robot_control
copying robot_control/__init__.py -> /home/admin/imdying/src/robot_control/build/robot_control/build/lib/robot_control
running install
running install_lib
copying /home/admin/imdying/src/robot_control/build/robot_control/build/lib/robot_control/inference.py -> /home/admin/imdying/src/robot_control/install/robot_control/lib/python3.10/site-packages/robot_control
copying /home/admin/imdying/src/robot_control/build/robot_control/build/lib/robot_control/correction.py -> /home/admin/imdying/src/robot_control/install/robot_control/lib/python3.10/site-packages/robot_control
byte-compiling /home/admin/imdying/src/robot_control/install/robot_control/lib/python3.10/site-packages/robot_control/inference.py to inference.cpython-310.pyc
byte-compiling /home/admin/imdying/src/robot_control/install/robot_control/lib/python3.10/site-packages/robot_control/correction.py to correction.cpython-310.pyc
running install_data
copying resource/robot_control -> /home/admin/imdying/src/robot_control/install/robot_control/share/ament_index/resource_index/packages
copying package.xml -> /home/admin/imdying/src/robot_control/install/robot_control/share/robot_control
running install_egg_info
removing '/home/admin/imdying/src/robot_control/install/robot_control/lib/python3.10/site-packages/robot_control-0.0.0-py3.10.egg-info' (and everything under it)
Copying build/robot_control/robot_control.egg-info to /home/admin/imdying/src/robot_control/install/robot_control/lib/python3.10/site-packages/robot_control-0.0.0-py3.10.egg-info
running install_scripts
Installing cameras script to /home/admin/imdying/src/robot_control/install/robot_control/lib/robot_control
Installing collection script to /home/admin/imdying/src/robot_control/install/robot_control/lib/robot_control
Installing correction script to /home/admin/imdying/src/robot_control/install/robot_control/lib/robot_control
Installing gui script to /home/admin/imdying/src/robot_control/install/robot_control/lib/robot_control
Installing inference script to /home/admin/imdying/src/robot_control/install/robot_control/lib/robot_control
Installing master_controller script to /home/admin/imdying/src/robot_control/install/robot_control/lib/robot_control
writing list of installed files to '/home/admin/imdying/src/robot_control/build/robot_control/install.log'
