/home/admin/ros2_ws/src/robot_control/install/robot_control/lib/python3.12/site-packages/robot_control/master_controller.py
/home/admin/ros2_ws/src/robot_control/install/robot_control/lib/python3.12/site-packages/robot_control/__init__.py
/home/admin/ros2_ws/src/robot_control/install/robot_control/lib/python3.12/site-packages/robot_control/inference.py
/home/admin/ros2_ws/src/robot_control/install/robot_control/lib/python3.12/site-packages/robot_control/correction.py
/home/admin/ros2_ws/src/robot_control/install/robot_control/lib/python3.12/site-packages/robot_control/collection.py
/home/admin/ros2_ws/src/robot_control/install/robot_control/lib/python3.12/site-packages/robot_control/gui.py
/home/admin/ros2_ws/src/robot_control/install/robot_control/lib/python3.12/site-packages/robot_control/__pycache__/master_controller.cpython-312.pyc
/home/admin/ros2_ws/src/robot_control/install/robot_control/lib/python3.12/site-packages/robot_control/__pycache__/__init__.cpython-312.pyc
/home/admin/ros2_ws/src/robot_control/install/robot_control/lib/python3.12/site-packages/robot_control/__pycache__/inference.cpython-312.pyc
/home/admin/ros2_ws/src/robot_control/install/robot_control/lib/python3.12/site-packages/robot_control/__pycache__/correction.cpython-312.pyc
/home/admin/ros2_ws/src/robot_control/install/robot_control/lib/python3.12/site-packages/robot_control/__pycache__/collection.cpython-312.pyc
/home/admin/ros2_ws/src/robot_control/install/robot_control/lib/python3.12/site-packages/robot_control/__pycache__/gui.cpython-312.pyc
/home/admin/ros2_ws/src/robot_control/install/robot_control/share/ament_index/resource_index/packages/robot_control
/home/admin/ros2_ws/src/robot_control/install/robot_control/share/robot_control/package.xml
/home/admin/ros2_ws/src/robot_control/install/robot_control/lib/python3.12/site-packages/robot_control-0.0.0-py3.12.egg-info/requires.txt
/home/admin/ros2_ws/src/robot_control/install/robot_control/lib/python3.12/site-packages/robot_control-0.0.0-py3.12.egg-info/zip-safe
/home/admin/ros2_ws/src/robot_control/install/robot_control/lib/python3.12/site-packages/robot_control-0.0.0-py3.12.egg-info/dependency_links.txt
/home/admin/ros2_ws/src/robot_control/install/robot_control/lib/python3.12/site-packages/robot_control-0.0.0-py3.12.egg-info/PKG-INFO
/home/admin/ros2_ws/src/robot_control/install/robot_control/lib/python3.12/site-packages/robot_control-0.0.0-py3.12.egg-info/entry_points.txt
/home/admin/ros2_ws/src/robot_control/install/robot_control/lib/python3.12/site-packages/robot_control-0.0.0-py3.12.egg-info/top_level.txt
/home/admin/ros2_ws/src/robot_control/install/robot_control/lib/python3.12/site-packages/robot_control-0.0.0-py3.12.egg-info/SOURCES.txt
/home/admin/ros2_ws/src/robot_control/install/robot_control/lib/robot_control/collection
/home/admin/ros2_ws/src/robot_control/install/robot_control/lib/robot_control/correction
/home/admin/ros2_ws/src/robot_control/install/robot_control/lib/robot_control/gui
/home/admin/ros2_ws/src/robot_control/install/robot_control/lib/robot_control/inference
/home/admin/ros2_ws/src/robot_control/install/robot_control/lib/robot_control/master_controller
