[0.302s] Invoking command in '/home/admin/imdying/src/robot_control': PS1=(.venv) \[\e]0;\u@\h: \w\a\]${debian_chroot:+($debian_chroot)}\[\033[01;32m\]\u@\h\[\033[00m\]:\[\033[01;34m\]\w\[\033[00m\]\$ PYTHONPATH=/home/admin/imdying/src/robot_control/build/robot_control/prefix_override:/usr/lib/python3/dist-packages/colcon_core/task/python/colcon_distutils_commands:/home/admin/imdying/src/robot_control/install/robot_control/lib/python3.10/site-packages:${PYTHONPATH} VIRTUAL_ENV_PROMPT=(.venv) /usr/bin/python3 -W ignore:setup.py install is deprecated -W ignore:easy_install command is deprecated setup.py egg_info --egg-base build/robot_control build --build-base /home/admin/imdying/src/robot_control/build/robot_control/build install --record /home/admin/imdying/src/robot_control/build/robot_control/install.log --single-version-externally-managed install_data
[0.379s] /home/admin/imdying/.venv/lib/python3.10/site-packages/setuptools/_distutils/dist.py:289: UserWarning: Unknown distribution option: 'tests_require'
[0.379s]   warnings.warn(msg)
[0.430s] running egg_info
[0.438s] creating build/robot_control/robot_control.egg-info
[0.438s] writing build/robot_control/robot_control.egg-info/PKG-INFO
[0.438s] writing dependency_links to build/robot_control/robot_control.egg-info/dependency_links.txt
[0.438s] writing entry points to build/robot_control/robot_control.egg-info/entry_points.txt
[0.439s] writing requirements to build/robot_control/robot_control.egg-info/requires.txt
[0.439s] writing top-level names to build/robot_control/robot_control.egg-info/top_level.txt
[0.439s] writing manifest file 'build/robot_control/robot_control.egg-info/SOURCES.txt'
[0.456s] reading manifest file 'build/robot_control/robot_control.egg-info/SOURCES.txt'
[0.457s] writing manifest file 'build/robot_control/robot_control.egg-info/SOURCES.txt'
[0.457s] running build
[0.457s] running build_py
[0.457s] creating /home/admin/imdying/src/robot_control/build/robot_control/build/lib/robot_control
[0.457s] copying robot_control/collection.py -> /home/admin/imdying/src/robot_control/build/robot_control/build/lib/robot_control
[0.457s] copying robot_control/gui.py -> /home/admin/imdying/src/robot_control/build/robot_control/build/lib/robot_control
[0.457s] copying robot_control/cameras.py -> /home/admin/imdying/src/robot_control/build/robot_control/build/lib/robot_control
[0.457s] copying robot_control/test.py -> /home/admin/imdying/src/robot_control/build/robot_control/build/lib/robot_control
[0.457s] copying robot_control/inference.py -> /home/admin/imdying/src/robot_control/build/robot_control/build/lib/robot_control
[0.457s] copying robot_control/master_controller.py -> /home/admin/imdying/src/robot_control/build/robot_control/build/lib/robot_control
[0.457s] copying robot_control/correction.py -> /home/admin/imdying/src/robot_control/build/robot_control/build/lib/robot_control
[0.457s] copying robot_control/__init__.py -> /home/admin/imdying/src/robot_control/build/robot_control/build/lib/robot_control
[0.457s] running install
[0.459s] running install_lib
[0.468s] creating /home/admin/imdying/src/robot_control/install/robot_control/lib/python3.10/site-packages/robot_control
[0.468s] copying /home/admin/imdying/src/robot_control/build/robot_control/build/lib/robot_control/collection.py -> /home/admin/imdying/src/robot_control/install/robot_control/lib/python3.10/site-packages/robot_control
[0.468s] copying /home/admin/imdying/src/robot_control/build/robot_control/build/lib/robot_control/gui.py -> /home/admin/imdying/src/robot_control/install/robot_control/lib/python3.10/site-packages/robot_control
[0.468s] copying /home/admin/imdying/src/robot_control/build/robot_control/build/lib/robot_control/cameras.py -> /home/admin/imdying/src/robot_control/install/robot_control/lib/python3.10/site-packages/robot_control
[0.468s] copying /home/admin/imdying/src/robot_control/build/robot_control/build/lib/robot_control/test.py -> /home/admin/imdying/src/robot_control/install/robot_control/lib/python3.10/site-packages/robot_control
[0.468s] copying /home/admin/imdying/src/robot_control/build/robot_control/build/lib/robot_control/inference.py -> /home/admin/imdying/src/robot_control/install/robot_control/lib/python3.10/site-packages/robot_control
[0.468s] copying /home/admin/imdying/src/robot_control/build/robot_control/build/lib/robot_control/master_controller.py -> /home/admin/imdying/src/robot_control/install/robot_control/lib/python3.10/site-packages/robot_control
[0.468s] copying /home/admin/imdying/src/robot_control/build/robot_control/build/lib/robot_control/correction.py -> /home/admin/imdying/src/robot_control/install/robot_control/lib/python3.10/site-packages/robot_control
[0.468s] copying /home/admin/imdying/src/robot_control/build/robot_control/build/lib/robot_control/__init__.py -> /home/admin/imdying/src/robot_control/install/robot_control/lib/python3.10/site-packages/robot_control
[0.468s] byte-compiling /home/admin/imdying/src/robot_control/install/robot_control/lib/python3.10/site-packages/robot_control/collection.py to collection.cpython-310.pyc
[0.469s] byte-compiling /home/admin/imdying/src/robot_control/install/robot_control/lib/python3.10/site-packages/robot_control/gui.py to gui.cpython-310.pyc
[0.470s] byte-compiling /home/admin/imdying/src/robot_control/install/robot_control/lib/python3.10/site-packages/robot_control/cameras.py to cameras.cpython-310.pyc
[0.470s] byte-compiling /home/admin/imdying/src/robot_control/install/robot_control/lib/python3.10/site-packages/robot_control/test.py to test.cpython-310.pyc
[0.470s] byte-compiling /home/admin/imdying/src/robot_control/install/robot_control/lib/python3.10/site-packages/robot_control/inference.py to inference.cpython-310.pyc
[0.471s] byte-compiling /home/admin/imdying/src/robot_control/install/robot_control/lib/python3.10/site-packages/robot_control/master_controller.py to master_controller.cpython-310.pyc
[0.472s] byte-compiling /home/admin/imdying/src/robot_control/install/robot_control/lib/python3.10/site-packages/robot_control/correction.py to correction.cpython-310.pyc
[0.472s] byte-compiling /home/admin/imdying/src/robot_control/install/robot_control/lib/python3.10/site-packages/robot_control/__init__.py to __init__.cpython-310.pyc
[0.473s] running install_data
[0.473s] creating /home/admin/imdying/src/robot_control/install/robot_control/share/ament_index/resource_index/packages
[0.473s] copying resource/robot_control -> /home/admin/imdying/src/robot_control/install/robot_control/share/ament_index/resource_index/packages
[0.473s] copying package.xml -> /home/admin/imdying/src/robot_control/install/robot_control/share/robot_control
[0.473s] running install_egg_info
[0.482s] Copying build/robot_control/robot_control.egg-info to /home/admin/imdying/src/robot_control/install/robot_control/lib/python3.10/site-packages/robot_control-0.0.0-py3.10.egg-info
[0.482s] running install_scripts
[0.500s] Installing cameras script to /home/admin/imdying/src/robot_control/install/robot_control/lib/robot_control
[0.500s] Installing collection script to /home/admin/imdying/src/robot_control/install/robot_control/lib/robot_control
[0.500s] Installing correction script to /home/admin/imdying/src/robot_control/install/robot_control/lib/robot_control
[0.500s] Installing gui script to /home/admin/imdying/src/robot_control/install/robot_control/lib/robot_control
[0.500s] Installing inference script to /home/admin/imdying/src/robot_control/install/robot_control/lib/robot_control
[0.500s] Installing master_controller script to /home/admin/imdying/src/robot_control/install/robot_control/lib/robot_control
[0.500s] writing list of installed files to '/home/admin/imdying/src/robot_control/build/robot_control/install.log'
[0.511s] Invoked command in '/home/admin/imdying/src/robot_control' returned '0': PS1=(.venv) \[\e]0;\u@\h: \w\a\]${debian_chroot:+($debian_chroot)}\[\033[01;32m\]\u@\h\[\033[00m\]:\[\033[01;34m\]\w\[\033[00m\]\$ PYTHONPATH=/home/admin/imdying/src/robot_control/build/robot_control/prefix_override:/usr/lib/python3/dist-packages/colcon_core/task/python/colcon_distutils_commands:/home/admin/imdying/src/robot_control/install/robot_control/lib/python3.10/site-packages:${PYTHONPATH} VIRTUAL_ENV_PROMPT=(.venv) /usr/bin/python3 -W ignore:setup.py install is deprecated -W ignore:easy_install command is deprecated setup.py egg_info --egg-base build/robot_control build --build-base /home/admin/imdying/src/robot_control/build/robot_control/build install --record /home/admin/imdying/src/robot_control/build/robot_control/install.log --single-version-externally-managed install_data
