[0.339s] Invoking command in '/home/admin/ros2_ws/src/robot_control': DEBUGINFOD_URLS=https://debuginfod.ubuntu.com PYTHONPATH=/home/admin/ros2_ws/src/robot_control/build/robot_control/prefix_override:/usr/lib/python3/dist-packages/colcon_core/task/python/colcon_distutils_commands:/home/admin/ros2_ws/src/robot_control/install/robot_control/lib/python3.12/site-packages:${PYTHONPATH} /usr/bin/python3 -W ignore:setup.py install is deprecated -W ignore:easy_install command is deprecated setup.py egg_info --egg-base build/robot_control build --build-base /home/admin/ros2_ws/src/robot_control/build/robot_control/build install --record /home/admin/ros2_ws/src/robot_control/build/robot_control/install.log --single-version-externally-managed install_data
[0.459s] running egg_info
[0.459s] creating build/robot_control/robot_control.egg-info
[0.466s] writing build/robot_control/robot_control.egg-info/PKG-INFO
[0.466s] writing dependency_links to build/robot_control/robot_control.egg-info/dependency_links.txt
[0.466s] writing entry points to build/robot_control/robot_control.egg-info/entry_points.txt
[0.466s] writing requirements to build/robot_control/robot_control.egg-info/requires.txt
[0.466s] writing top-level names to build/robot_control/robot_control.egg-info/top_level.txt
[0.466s] writing manifest file 'build/robot_control/robot_control.egg-info/SOURCES.txt'
[0.481s] reading manifest file 'build/robot_control/robot_control.egg-info/SOURCES.txt'
[0.481s] writing manifest file 'build/robot_control/robot_control.egg-info/SOURCES.txt'
[0.482s] running build
[0.482s] running build_py
[0.482s] creating /home/admin/ros2_ws/src/robot_control/build/robot_control/build
[0.482s] creating /home/admin/ros2_ws/src/robot_control/build/robot_control/build/lib
[0.482s] creating /home/admin/ros2_ws/src/robot_control/build/robot_control/build/lib/robot_control
[0.482s] copying robot_control/master_controller.py -> /home/admin/ros2_ws/src/robot_control/build/robot_control/build/lib/robot_control
[0.482s] copying robot_control/__init__.py -> /home/admin/ros2_ws/src/robot_control/build/robot_control/build/lib/robot_control
[0.482s] copying robot_control/inference.py -> /home/admin/ros2_ws/src/robot_control/build/robot_control/build/lib/robot_control
[0.482s] copying robot_control/correction.py -> /home/admin/ros2_ws/src/robot_control/build/robot_control/build/lib/robot_control
[0.482s] copying robot_control/collection.py -> /home/admin/ros2_ws/src/robot_control/build/robot_control/build/lib/robot_control
[0.482s] copying robot_control/gui.py -> /home/admin/ros2_ws/src/robot_control/build/robot_control/build/lib/robot_control
[0.482s] running install
[0.485s] running install_lib
[0.492s] creating /home/admin/ros2_ws/src/robot_control/install/robot_control/lib/python3.12/site-packages/robot_control
[0.492s] copying /home/admin/ros2_ws/src/robot_control/build/robot_control/build/lib/robot_control/master_controller.py -> /home/admin/ros2_ws/src/robot_control/install/robot_control/lib/python3.12/site-packages/robot_control
[0.492s] copying /home/admin/ros2_ws/src/robot_control/build/robot_control/build/lib/robot_control/__init__.py -> /home/admin/ros2_ws/src/robot_control/install/robot_control/lib/python3.12/site-packages/robot_control
[0.492s] copying /home/admin/ros2_ws/src/robot_control/build/robot_control/build/lib/robot_control/inference.py -> /home/admin/ros2_ws/src/robot_control/install/robot_control/lib/python3.12/site-packages/robot_control
[0.493s] copying /home/admin/ros2_ws/src/robot_control/build/robot_control/build/lib/robot_control/correction.py -> /home/admin/ros2_ws/src/robot_control/install/robot_control/lib/python3.12/site-packages/robot_control
[0.493s] copying /home/admin/ros2_ws/src/robot_control/build/robot_control/build/lib/robot_control/collection.py -> /home/admin/ros2_ws/src/robot_control/install/robot_control/lib/python3.12/site-packages/robot_control
[0.493s] copying /home/admin/ros2_ws/src/robot_control/build/robot_control/build/lib/robot_control/gui.py -> /home/admin/ros2_ws/src/robot_control/install/robot_control/lib/python3.12/site-packages/robot_control
[0.493s] byte-compiling /home/admin/ros2_ws/src/robot_control/install/robot_control/lib/python3.12/site-packages/robot_control/master_controller.py to master_controller.cpython-312.pyc
[0.493s] byte-compiling /home/admin/ros2_ws/src/robot_control/install/robot_control/lib/python3.12/site-packages/robot_control/__init__.py to __init__.cpython-312.pyc
[0.493s] byte-compiling /home/admin/ros2_ws/src/robot_control/install/robot_control/lib/python3.12/site-packages/robot_control/inference.py to inference.cpython-312.pyc
[0.493s] byte-compiling /home/admin/ros2_ws/src/robot_control/install/robot_control/lib/python3.12/site-packages/robot_control/correction.py to correction.cpython-312.pyc
[0.494s] byte-compiling /home/admin/ros2_ws/src/robot_control/install/robot_control/lib/python3.12/site-packages/robot_control/collection.py to collection.cpython-312.pyc
[0.494s] byte-compiling /home/admin/ros2_ws/src/robot_control/install/robot_control/lib/python3.12/site-packages/robot_control/gui.py to gui.cpython-312.pyc
[0.494s] running install_data
[0.494s] creating /home/admin/ros2_ws/src/robot_control/install/robot_control/share/ament_index
[0.494s] creating /home/admin/ros2_ws/src/robot_control/install/robot_control/share/ament_index/resource_index
[0.494s] creating /home/admin/ros2_ws/src/robot_control/install/robot_control/share/ament_index/resource_index/packages
[0.494s] copying resource/robot_control -> /home/admin/ros2_ws/src/robot_control/install/robot_control/share/ament_index/resource_index/packages
[0.494s] copying package.xml -> /home/admin/ros2_ws/src/robot_control/install/robot_control/share/robot_control
[0.494s] running install_egg_info
[0.502s] Copying build/robot_control/robot_control.egg-info to /home/admin/ros2_ws/src/robot_control/install/robot_control/lib/python3.12/site-packages/robot_control-0.0.0-py3.12.egg-info
[0.502s] running install_scripts
[0.554s] Installing collection script to /home/admin/ros2_ws/src/robot_control/install/robot_control/lib/robot_control
[0.554s] Installing correction script to /home/admin/ros2_ws/src/robot_control/install/robot_control/lib/robot_control
[0.555s] Installing gui script to /home/admin/ros2_ws/src/robot_control/install/robot_control/lib/robot_control
[0.555s] Installing inference script to /home/admin/ros2_ws/src/robot_control/install/robot_control/lib/robot_control
[0.555s] Installing master_controller script to /home/admin/ros2_ws/src/robot_control/install/robot_control/lib/robot_control
[0.555s] writing list of installed files to '/home/admin/ros2_ws/src/robot_control/build/robot_control/install.log'
[0.566s] Invoked command in '/home/admin/ros2_ws/src/robot_control' returned '0': DEBUGINFOD_URLS=https://debuginfod.ubuntu.com PYTHONPATH=/home/admin/ros2_ws/src/robot_control/build/robot_control/prefix_override:/usr/lib/python3/dist-packages/colcon_core/task/python/colcon_distutils_commands:/home/admin/ros2_ws/src/robot_control/install/robot_control/lib/python3.12/site-packages:${PYTHONPATH} /usr/bin/python3 -W ignore:setup.py install is deprecated -W ignore:easy_install command is deprecated setup.py egg_info --egg-base build/robot_control build --build-base /home/admin/ros2_ws/src/robot_control/build/robot_control/build install --record /home/admin/ros2_ws/src/robot_control/build/robot_control/install.log --single-version-externally-managed install_data
